<?xml version="1.0" encoding="UTF-8"?>
<!-- Generated by org.testng.reporters.JUnitXMLReporter -->
<testsuite hostname="DESKTOP-9AUK2PQ" ignored="0" name="Default test" tests="6" failures="0" timestamp="10 Oct 2018 09:24:11 GMT" time="46.557" errors="0">
  <testcase name="verify_change_password_with_wrong_credentials" time="3.266" classname="com.mavSocial.LoginPage.TC004_ChangePasswordWithWrongCredentials"/>
  <testcase name="verify_change_password_with_wrong_credentials" time="2.522" classname="com.mavSocial.LoginPage.TC004_ChangePasswordWithWrongCredentials"/>
  <testcase name="verify_change_password_with_wrong_credentials" time="2.505" classname="com.mavSocial.LoginPage.TC004_ChangePasswordWithWrongCredentials"/>
  <testcase name="verify_change_password_with_wrong_credentials" time="3.007" classname="com.mavSocial.LoginPage.TC004_ChangePasswordWithWrongCredentials"/>
  <testcase name="verify_change_password_with_wrong_credentials" time="2.466" classname="com.mavSocial.LoginPage.TC004_ChangePasswordWithWrongCredentials"/>
  <testcase name="verify_change_password_with_wrong_credentials" time="2.475" classname="com.mavSocial.LoginPage.TC004_ChangePasswordWithWrongCredentials"/>
</testsuite> <!-- Default test -->
