<?xml version="1.0" encoding="UTF-8"?>
<!-- Generated by org.testng.reporters.JUnitXMLReporter -->
<testsuite ignored="0" hostname="MAVENTUS6" failures="0" tests="3" name="Default test" time="33.578" errors="0" timestamp="10 Sep 2018 13:56:04 GMT">
  <testcase classname="Mavsocialpack.BrowserAlert" name="loginIE" time="2.676"/>
  <testcase classname="Mavsocialpack.BrowserAlert" name="loginchrome" time="4.5"/>
  <testcase classname="Mavsocialpack.BrowserAlert" name="loginfirefox" time="26.382"/>
</testsuite> <!-- Default test -->
