<?xml version="1.0" encoding="UTF-8"?>
<testng-results ignored="0" total="1" passed="1" failed="0" skipped="0">
  <reporter-output>
  </reporter-output>
  <suite started-at="2019-01-10T10:28:48Z" name="Default suite" finished-at="2019-01-10T10:29:18Z" duration-ms="30933">
    <groups>
    </groups>
    <test started-at="2019-01-10T10:28:48Z" name="Default test" finished-at="2019-01-10T10:29:18Z" duration-ms="30933">
      <class name="TestCases.FreeUserLogin">
        <test-method is-config="true" signature="openbrowser(java.lang.reflect.Method)[pri:0, instance:TestCases.FreeUserLogin@1e4d3ce5]" started-at="2019-01-10T10:28:48Z" name="openbrowser" finished-at="2019-01-10T10:28:52Z" duration-ms="3906" status="PASS">
          <params>
            <param index="0">
              <value>
                <![CDATA[public void TestCases.FreeUserLogin.freeuser(java.lang.String,java.lang.String) throws java.lang.Exception]]>
              </value>
            </param>
          </params>
          <reporter-output>
          </reporter-output>
        </test-method> <!-- openbrowser -->
        <test-method signature="freeuser(java.lang.String, java.lang.String)[pri:0, instance:TestCases.FreeUserLogin@1e4d3ce5]" started-at="2019-01-10T10:28:52Z" name="freeuser" data-provider="loginData" finished-at="2019-01-10T10:29:18Z" duration-ms="26643" status="PASS">
          <params>
            <param index="0">
              <value>
                <![CDATA[testershivkumar13@gmail.com]]>
              </value>
            </param>
            <param index="1">
              <value>
                <![CDATA[social@123]]>
              </value>
            </param>
          </params>
          <reporter-output>
          </reporter-output>
        </test-method> <!-- freeuser -->
        <test-method is-config="true" signature="browserclose()[pri:0, instance:TestCases.FreeUserLogin@1e4d3ce5]" started-at="2019-01-10T10:29:18Z" name="browserclose" finished-at="2019-01-10T10:29:18Z" duration-ms="278" status="PASS">
          <reporter-output>
          </reporter-output>
        </test-method> <!-- browserclose -->
      </class> <!-- TestCases.FreeUserLogin -->
    </test> <!-- Default test -->
  </suite> <!-- Default suite -->
</testng-results>
