<?xml version="1.0" encoding="UTF-8"?>
<testng-results ignored="0" total="1" passed="1" failed="0" skipped="0">
  <reporter-output>
  </reporter-output>
  <suite started-at="2018-09-20T13:52:36Z" name="Default suite" finished-at="2018-09-20T13:53:54Z" duration-ms="78528">
    <groups>
    </groups>
    <test started-at="2018-09-20T13:52:36Z" name="Default test" finished-at="2018-09-20T13:53:54Z" duration-ms="78528">
      <class name="Mavsocialpack.Promonthlyusertoproannual">
        <test-method is-config="true" signature="openbrowser()[pri:0, instance:Mavsocialpack.Promonthlyusertoproannual@47faa49c]" started-at="2018-09-20T13:52:36Z" name="openbrowser" finished-at="2018-09-20T13:52:49Z" duration-ms="13220" status="PASS">
          <reporter-output>
          </reporter-output>
        </test-method> <!-- openbrowser -->
        <test-method signature="Promonthlyusertoproannual()[pri:0, instance:Mavsocialpack.Promonthlyusertoproannual@47faa49c]" started-at="2018-09-20T13:52:49Z" name="Promonthlyusertoproannual" finished-at="2018-09-20T13:53:54Z" duration-ms="65292" status="PASS">
          <reporter-output>
          </reporter-output>
        </test-method> <!-- Promonthlyusertoproannual -->
      </class> <!-- Mavsocialpack.Promonthlyusertoproannual -->
    </test> <!-- Default test -->
  </suite> <!-- Default suite -->
</testng-results>
